    Checking scopeguard v1.2.0
    Checking log v0.4.29
    Checking bitflags v2.11.0
    Checking hal-common v0.1.0 (/Users/3y/playground/c/freebsd/hal-common)
    Checking linked_list_allocator v0.10.5
    Checking async-task v4.7.1
   Compiling lwext4_rust v0.2.0 (https://github.com/PACTHEMAN123/ext4fs.git?branch=main#6de4d23b)
    Checking lock_api v0.4.14
    Checking spin v0.9.8
    Checking kernel v0.1.0 (/Users/3y/playground/c/freebsd/kernel)
warning: constant `VERSION` is never used
 --> kernel/src/drivers/virtio_mmio.rs:8:11
  |
8 | pub const VERSION: usize = 0x004;
  |           ^^^^^^^
  |
  = note: `#[warn(dead_code)]` on by default

warning: constant `VENDOR_ID` is never used
  --> kernel/src/drivers/virtio_mmio.rs:10:11
   |
10 | pub const VENDOR_ID: usize = 0x00C;
   |           ^^^^^^^^^

warning: constant `QUEUE_READY` is never used
  --> kernel/src/drivers/virtio_mmio.rs:23:11
   |
23 | pub const QUEUE_READY: usize = 0x044;
   |           ^^^^^^^^^^^

warning: constant `INTERRUPT_STATUS` is never used
  --> kernel/src/drivers/virtio_mmio.rs:25:11
   |
25 | pub const INTERRUPT_STATUS: usize = 0x060;
   |           ^^^^^^^^^^^^^^^^

warning: constant `INTERRUPT_ACK` is never used
  --> kernel/src/drivers/virtio_mmio.rs:26:11
   |
26 | pub const INTERRUPT_ACK: usize = 0x064;
   |           ^^^^^^^^^^^^^

warning: constant `QUEUE_DESC_LOW` is never used
  --> kernel/src/drivers/virtio_mmio.rs:28:11
   |
28 | pub const QUEUE_DESC_LOW: usize = 0x080;
   |           ^^^^^^^^^^^^^^

warning: constant `QUEUE_DESC_HIGH` is never used
  --> kernel/src/drivers/virtio_mmio.rs:29:11
   |
29 | pub const QUEUE_DESC_HIGH: usize = 0x084;
   |           ^^^^^^^^^^^^^^^

warning: constant `QUEUE_DRIVER_LOW` is never used
  --> kernel/src/drivers/virtio_mmio.rs:30:11
   |
30 | pub const QUEUE_DRIVER_LOW: usize = 0x090;
   |           ^^^^^^^^^^^^^^^^

warning: constant `QUEUE_DRIVER_HIGH` is never used
  --> kernel/src/drivers/virtio_mmio.rs:31:11
   |
31 | pub const QUEUE_DRIVER_HIGH: usize = 0x094;
   |           ^^^^^^^^^^^^^^^^^

warning: constant `QUEUE_DEVICE_LOW` is never used
  --> kernel/src/drivers/virtio_mmio.rs:32:11
   |
32 | pub const QUEUE_DEVICE_LOW: usize = 0x0A0;
   |           ^^^^^^^^^^^^^^^^

warning: constant `QUEUE_DEVICE_HIGH` is never used
  --> kernel/src/drivers/virtio_mmio.rs:33:11
   |
33 | pub const QUEUE_DEVICE_HIGH: usize = 0x0A4;
   |           ^^^^^^^^^^^^^^^^^

warning: method `base` is never used
  --> kernel/src/drivers/virtio_mmio.rs:72:12
   |
53 | impl VirtioMmio {
   | --------------- method in this implementation
...
72 |     pub fn base(&self) -> usize {
   |            ^^^^

warning: constant `SPIN_ITERS` is never used
  --> kernel/src/drivers/virtio_blk.rs:24:7
   |
24 | const SPIN_ITERS: usize = 1000;
   |       ^^^^^^^^^^

warning: struct `VringUsedElem` is never constructed
  --> kernel/src/drivers/virtio_blk.rs:69:8
   |
69 | struct VringUsedElem {
   |        ^^^^^^^^^^^^^
   |
   = note: `VringUsedElem` has derived impls for the traits `Clone` and `Default`, but these are intentionally ignored during dead code analysis

warning: method `read_sectors` is never used
   --> kernel/src/drivers/virtio_blk.rs:240:12
    |
107 | impl VirtioBlk {
    | -------------- method in this implementation
...
240 |     pub fn read_sectors(&mut self, sector: u64, buf: &mut [u8]) -> Result<(), ()> {
    |            ^^^^^^^^^^^^

warning: field `0` is never read
  --> kernel/src/fs/ext4.rs:16:19
   |
16 | struct SendSyncBW(Ext4BlockWrapper<Disk>);
   |        ---------- ^^^^^^^^^^^^^^^^^^^^^^
   |        |
   |        field in this struct
   |
   = help: consider removing this field

warning: function `write` is never used
  --> kernel/src/fs/ext4.rs:97:8
   |
97 | pub fn write(_tok: &mut DelegateToken, file: &mut Ext4File, buf: &[u8]) -> Result<usize, i32> {
   |        ^^^^^

warning: function `exists` is never used
   --> kernel/src/fs/ext4.rs:137:8
    |
137 | pub fn exists(_tok: &mut DelegateToken, path: &str) -> bool {
    |        ^^^^^^

warning: function `dir_open` is never used
   --> kernel/src/fs/ext4.rs:151:8
    |
151 | pub fn dir_open(_tok: &mut DelegateToken, path: &str) -> Result<ext4_dir, i32> {
    |        ^^^^^^^^

warning: function `dir_next` is never used
   --> kernel/src/fs/ext4.rs:164:8
    |
164 | pub fn dir_next(_tok: &mut DelegateToken, dir: &mut ext4_dir) -> Option<([u8; 255], u8, u8, u32)> {
    |        ^^^^^^^^

warning: function `dir_close` is never used
   --> kernel/src/fs/ext4.rs:177:8
    |
177 | pub fn dir_close(_tok: &mut DelegateToken, dir: &mut ext4_dir) -> Result<(), i32> {
    |        ^^^^^^^^^

warning: function `mkdir` is never used
   --> kernel/src/fs/ext4.rs:186:8
    |
186 | pub fn mkdir(_tok: &mut DelegateToken, path: &str) -> Result<(), i32> {
    |        ^^^^^

warning: function `unlink` is never used
   --> kernel/src/fs/ext4.rs:193:8
    |
193 | pub fn unlink(_tok: &mut DelegateToken, path: &str) -> Result<(), i32> {
    |        ^^^^^^

warning: constant `O_RDONLY` is never used
  --> kernel/src/fs/ext4.rs:54:15
   |
54 |     pub const O_RDONLY: u32 = 0;
   |               ^^^^^^^^

warning: constant `O_WRONLY` is never used
  --> kernel/src/fs/ext4.rs:55:15
   |
55 |     pub const O_WRONLY: u32 = 1;
   |               ^^^^^^^^

warning: constant `O_RDWR` is never used
  --> kernel/src/fs/ext4.rs:56:15
   |
56 |     pub const O_RDWR: u32 = 2;
   |               ^^^^^^

warning: constant `O_CREAT` is never used
  --> kernel/src/fs/ext4.rs:57:15
   |
57 |     pub const O_CREAT: u32 = 0x0000_0040;
   |               ^^^^^^^

warning: constant `O_TRUNC` is never used
  --> kernel/src/fs/ext4.rs:58:15
   |
58 |     pub const O_TRUNC: u32 = 0x0000_0200;
   |               ^^^^^^^

warning: constant `O_APPEND` is never used
  --> kernel/src/fs/ext4.rs:59:15
   |
59 |     pub const O_APPEND: u32 = 0x0000_0400;
   |               ^^^^^^^^

warning: constant `CHANNEL_CAPACITY` is never used
  --> kernel/src/fs/delegate.rs:32:7
   |
32 | const CHANNEL_CAPACITY: usize = 256;
   |       ^^^^^^^^^^^^^^^^

warning: field `parent_ino` is never read
  --> kernel/src/fs/delegate.rs:59:9
   |
58 |     Lookup {
   |     ------ field in this variant
59 |         parent_ino: u32,
   |         ^^^^^^^^^^

warning: variants `Open`, `Read`, `Close`, and `Stat` are never constructed
  --> kernel/src/fs/delegate.rs:40:5
   |
39 | pub enum FsRequest {
   |          --------- variants in this enum
40 |     Open {
   |     ^^^^
...
46 |     Read {
   |     ^^^^
...
52 |     Close {
   |     ^^^^^
...
65 |     Stat {
   |     ^^^^

warning: static `OPEN_REPLIES` is never used
   --> kernel/src/fs/delegate.rs:143:20
    |
143 | define_reply_pool!(OPEN_REPLIES, Result<FsFileHandle, i32>);
    |                    ^^^^^^^^^^^^
    |
    = note: this warning originates in the macro `define_reply_pool` (in Nightly builds, run with -Z macro-backtrace for more info)

warning: static `READ_REPLIES` is never used
   --> kernel/src/fs/delegate.rs:144:20
    |
144 | define_reply_pool!(READ_REPLIES, Result<usize, i32>);
    |                    ^^^^^^^^^^^^
    |
    = note: this warning originates in the macro `define_reply_pool` (in Nightly builds, run with -Z macro-backtrace for more info)

warning: static `CLOSE_REPLIES` is never used
   --> kernel/src/fs/delegate.rs:145:20
    |
145 | define_reply_pool!(CLOSE_REPLIES, Result<(), i32>);
    |                    ^^^^^^^^^^^^^
    |
    = note: this warning originates in the macro `define_reply_pool` (in Nightly builds, run with -Z macro-backtrace for more info)

warning: static `STAT_REPLIES` is never used
   --> kernel/src/fs/delegate.rs:147:20
    |
147 | define_reply_pool!(STAT_REPLIES, Result<(u64, u8), i32>);
    |                    ^^^^^^^^^^^^
    |
    = note: this warning originates in the macro `define_reply_pool` (in Nightly builds, run with -Z macro-backtrace for more info)

warning: static `OPEN_REPLY_IDX` is never used
   --> kernel/src/fs/delegate.rs:150:8
    |
150 | static OPEN_REPLY_IDX: AtomicUsize = AtomicUsize::new(0);
    |        ^^^^^^^^^^^^^^

warning: static `READ_REPLY_IDX` is never used
   --> kernel/src/fs/delegate.rs:151:8
    |
151 | static READ_REPLY_IDX: AtomicUsize = AtomicUsize::new(0);
    |        ^^^^^^^^^^^^^^

warning: static `CLOSE_REPLY_IDX` is never used
   --> kernel/src/fs/delegate.rs:152:8
    |
152 | static CLOSE_REPLY_IDX: AtomicUsize = AtomicUsize::new(0);
    |        ^^^^^^^^^^^^^^^

warning: static `STAT_REPLY_IDX` is never used
   --> kernel/src/fs/delegate.rs:154:8
    |
154 | static STAT_REPLY_IDX: AtomicUsize = AtomicUsize::new(0);
    |        ^^^^^^^^^^^^^^

warning: function `alloc_open_reply` is never used
   --> kernel/src/fs/delegate.rs:170:21
    |
170 | define_alloc_reply!(alloc_open_reply, OPEN_REPLIES, OPEN_REPLY_IDX, Result<FsFileHandle, i32>);
    |                     ^^^^^^^^^^^^^^^^
    |
    = note: this warning originates in the macro `define_alloc_reply` (in Nightly builds, run with -Z macro-backtrace for more info)

warning: function `alloc_read_reply` is never used
   --> kernel/src/fs/delegate.rs:171:21
    |
171 | define_alloc_reply!(alloc_read_reply, READ_REPLIES, READ_REPLY_IDX, Result<usize, i32>);
    |                     ^^^^^^^^^^^^^^^^
    |
    = note: this warning originates in the macro `define_alloc_reply` (in Nightly builds, run with -Z macro-backtrace for more info)

warning: function `alloc_close_reply` is never used
   --> kernel/src/fs/delegate.rs:172:21
    |
172 | define_alloc_reply!(alloc_close_reply, CLOSE_REPLIES, CLOSE_REPLY_IDX, Result<(), i32>);
    |                     ^^^^^^^^^^^^^^^^^
    |
    = note: this warning originates in the macro `define_alloc_reply` (in Nightly builds, run with -Z macro-backtrace for more info)

warning: function `alloc_stat_reply` is never used
   --> kernel/src/fs/delegate.rs:174:21
    |
174 | define_alloc_reply!(alloc_stat_reply, STAT_REPLIES, STAT_REPLY_IDX, Result<(u64, u8), i32>);
    |                     ^^^^^^^^^^^^^^^^
    |
    = note: this warning originates in the macro `define_alloc_reply` (in Nightly builds, run with -Z macro-backtrace for more info)

warning: function `fs_open` is never used
   --> kernel/src/fs/delegate.rs:343:14
    |
343 | pub async fn fs_open(path: &str) -> Result<FsFileHandle, i32> {
    |              ^^^^^^^

warning: function `fs_open_flags` is never used
   --> kernel/src/fs/delegate.rs:348:14
    |
348 | pub async fn fs_open_flags(path: &str, flags: u32) -> Result<FsFileHandle, i32> {
    |              ^^^^^^^^^^^^^

warning: function `fs_read` is never used
   --> kernel/src/fs/delegate.rs:365:14
    |
365 | pub async fn fs_read(handle: FsFileHandle, buf: &mut [u8]) -> Result<usize, i32> {
    |              ^^^^^^^

warning: function `fs_close` is never used
   --> kernel/src/fs/delegate.rs:379:14
    |
379 | pub async fn fs_close(handle: FsFileHandle) -> Result<(), i32> {
    |              ^^^^^^^^

warning: function `fs_stat` is never used
   --> kernel/src/fs/delegate.rs:408:14
    |
408 | pub async fn fs_stat(ino: u32) -> Result<(u64, u8), i32> {
    |              ^^^^^^^

warning: struct `VnodeStat` is never constructed
  --> kernel/src/fs/vnode.rs:22:12
   |
22 | pub struct VnodeStat {
   |            ^^^^^^^^^
   |
   = note: `VnodeStat` has derived impls for the traits `Debug` and `Clone`, but these are intentionally ignored during dead code analysis

warning: struct `DirEntry` is never constructed
  --> kernel/src/fs/vnode.rs:30:12
   |
30 | pub struct DirEntry {
   |            ^^^^^^^^
   |
   = note: `DirEntry` has derived impls for the traits `Debug` and `Clone`, but these are intentionally ignored during dead code analysis

warning: function `probe` is never used
  --> kernel/src/fs/page_cache.rs:85:8
   |
85 | pub fn probe(vnode_id: VnodeId, page_offset: u64) -> Option<PhysAddr> {
   |        ^^^^^

warning: associated constant `RDWR` is never used
  --> kernel/src/fs/fd_table.rs:45:15
   |
36 | impl OpenFlags {
   | -------------- associated constant in this implementation
...
45 |     pub const RDWR: Self = Self {
   |               ^^^^

warning: method `dup2` is never used
   --> kernel/src/fs/fd_table.rs:202:12
    |
112 | impl FdTable {
    | ------------ method in this implementation
...
202 |     pub fn dup2(&mut self, old_fd: u32, new_fd: u32) -> Result<u32, Errno> {
    |            ^^^^

warning: function `sys_stat` is never used
  --> kernel/src/fs/syscalls.rs:42:8
   |
42 | pub fn sys_stat(fd_table: &hal_common::SpinMutex<FdTable>, fd: u32) -> Result<(u64, u8), Errno> {
   |        ^^^^^^^^

warning: function `sys_read` is never used
  --> kernel/src/fs/syscalls.rs:61:14
   |
61 | pub async fn sys_read(
   |              ^^^^^^^^

warning: function `page_cache_fetch` is never used
   --> kernel/src/fs/syscalls.rs:108:10
    |
108 | async fn page_cache_fetch(vnode_id: u64, path: &str, file_offset: u64) -> Result<PhysAddr, Errno> {
    |          ^^^^^^^^^^^^^^^^

warning: function `noop_waker` is never used
   --> kernel/src/fs/syscalls.rs:132:4
    |
132 | fn noop_waker() -> core::task::Waker {
    |    ^^^^^^^^^^

warning: method `is_full` is never used
  --> kernel/src/fs/pipe.rs:48:8
   |
32 | impl PipeBuffer {
   | --------------- method in this implementation
...
48 |     fn is_full(&self) -> bool {
   |        ^^^^^^^

warning: struct `UartWriter` is never constructed
  --> kernel/src/hal/rv64/uart.rs:75:12
   |
75 | pub struct UartWriter;
   |            ^^^^^^^^^^

warning: function `disable` is never used
  --> kernel/src/hal/rv64/irq.rs:13:8
   |
13 | pub fn disable() {
   |        ^^^^^^^

warning: function `disable_and_save` is never used
  --> kernel/src/hal/rv64/irq.rs:22:8
   |
22 | pub fn disable_and_save() -> usize {
   |        ^^^^^^^^^^^^^^^^

warning: function `restore` is never used
  --> kernel/src/hal/rv64/irq.rs:35:8
   |
35 | pub fn restore(saved: usize) {
   |        ^^^^^^^

warning: function `set_user_trap_entry` is never used
  --> kernel/src/hal/rv64/trap.rs:49:8
   |
49 | pub fn set_user_trap_entry() {
   |        ^^^^^^^^^^^^^^^^^^^

warning: function `tick_count` is never used
  --> kernel/src/hal/rv64/timer.rs:73:8
   |
73 | pub fn tick_count() -> u64 {
   |        ^^^^^^^^^^

warning: function `flush_addr` is never used
 --> kernel/src/hal/rv64/tlb.rs:7:8
  |
7 | pub fn flush_addr(vaddr: usize) {
  |        ^^^^^^^^^^

warning: function `dcache_wb` is never used
  --> kernel/src/hal/rv64/cache.rs:10:8
   |
10 | pub fn dcache_wb(_addr: usize, _len: usize) {
   |        ^^^^^^^^^

warning: function `dcache_inv` is never used
  --> kernel/src/hal/rv64/cache.rs:20:8
   |
20 | pub fn dcache_inv(_addr: usize, _len: usize) {
   |        ^^^^^^^^^^

warning: function `fence_io` is never used
  --> kernel/src/hal/rv64/cache.rs:28:8
   |
28 | pub fn fence_io() {
   |        ^^^^^^^^

warning: field `value` is never read
 --> kernel/src/hal/rv64/sbi.rs:9:9
  |
7 | pub struct SbiRet {
  |            ------ field in this struct
8 |     pub error: isize,
9 |     pub value: usize,
  |         ^^^^^
  |
  = note: `SbiRet` has a derived impl for the trait `Debug`, but this is intentionally ignored during dead code analysis

warning: function `hart_status` is never used
  --> kernel/src/hal/rv64/sbi.rs:58:8
   |
58 | pub fn hart_status(hartid: usize) -> usize {
   |        ^^^^^^^^^^^

warning: constant `EID_SRST` is never used
  --> kernel/src/hal/rv64/sbi.rs:69:7
   |
69 | const EID_SRST: usize = 0x53525354; // System Reset extension
   |       ^^^^^^^^

warning: function `shutdown` is never used
  --> kernel/src/hal/rv64/sbi.rs:73:8
   |
73 | pub fn shutdown() -> ! {
   |        ^^^^^^^^

warning: methods `refill`, `drain`, `len`, `is_empty`, and `is_full` are never used
  --> kernel/src/mm/allocator/magazine.rs:51:12
   |
21 | impl Magazine {
   | ------------- methods in this implementation
...
51 |     pub fn refill(&mut self, buddy: &mut BuddyAllocator, count: usize) {
   |            ^^^^^^
...
64 |     pub fn drain(&mut self, buddy: &mut BuddyAllocator) {
   |            ^^^^^
...
85 |     pub fn len(&self) -> usize {
   |            ^^^
...
90 |     pub fn is_empty(&self) -> bool {
   |            ^^^^^^^^
...
95 |     pub fn is_full(&self) -> bool {
   |            ^^^^^^^

warning: constant `STACK_CANARY` is never used
  --> kernel/src/mm/allocator/frame_allocator.rs:19:11
   |
19 | pub const STACK_CANARY: u64 = 0xCAFE_BABE_DEAD_C0DE;
   |           ^^^^^^^^^^^^

warning: function `frame_alloc` is never used
   --> kernel/src/mm/allocator/frame_allocator.rs:120:14
    |
120 | pub async fn frame_alloc() -> Option<PhysAddr> {
    |              ^^^^^^^^^^^

warning: function `available_pages` is never used
   --> kernel/src/mm/allocator/frame_allocator.rs:227:8
    |
227 | pub fn available_pages() -> usize {
    |        ^^^^^^^^^^^^^^^

warning: function `pmap_fault` is never used
   --> kernel/src/mm/pmap/mod.rs:392:8
    |
392 | pub fn pmap_fault(pmap: &Pmap, va: VirtAddr, write: bool) -> bool {
    |        ^^^^^^^^^^

warning: function `pmap_is_referenced` is never used
   --> kernel/src/mm/pmap/mod.rs:428:8
    |
428 | pub fn pmap_is_referenced(pmap: &Pmap, va: VirtAddr) -> bool {
    |        ^^^^^^^^^^^^^^^^^^

warning: function `pmap_clear_referenced` is never used
   --> kernel/src/mm/pmap/mod.rs:433:8
    |
433 | pub fn pmap_clear_referenced(pmap: &mut Pmap, va: VirtAddr) {
    |        ^^^^^^^^^^^^^^^^^^^^^

warning: function `pmap_is_modified` is never used
   --> kernel/src/mm/pmap/mod.rs:438:8
    |
438 | pub fn pmap_is_modified(pmap: &Pmap, va: VirtAddr) -> bool {
    |        ^^^^^^^^^^^^^^^^

warning: function `pmap_clear_modified` is never used
   --> kernel/src/mm/pmap/mod.rs:443:8
    |
443 | pub fn pmap_clear_modified(pmap: &mut Pmap, va: VirtAddr) {
    |        ^^^^^^^^^^^^^^^^^^^

warning: function `pmap_copy_page` is never used
   --> kernel/src/mm/pmap/mod.rs:456:8
    |
456 | pub fn pmap_copy_page(src: PhysAddr, dst: PhysAddr) {
    |        ^^^^^^^^^^^^^^

warning: function `pmap_enter_range` is never used
   --> kernel/src/mm/pmap/mod.rs:466:8
    |
466 | pub fn pmap_enter_range(pmap: &mut Pmap, pa_start: usize, pa_end: usize, prot: MapPerm) {
    |        ^^^^^^^^^^^^^^^^

warning: function `pte_bit_check` is never used
   --> kernel/src/mm/pmap/mod.rs:480:4
    |
480 | fn pte_bit_check(pmap: &Pmap, va: VirtAddr, bit: PteFlags) -> bool {
    |    ^^^^^^^^^^^^^

warning: function `pte_bit_clear` is never used
   --> kernel/src/mm/pmap/mod.rs:496:4
    |
496 | fn pte_bit_clear(pmap: &mut Pmap, va: VirtAddr, bit: PteFlags) {
    |    ^^^^^^^^^^^^^

warning: function `test_pmap_extract_only` is never used
  --> kernel/src/mm/pmap/test_integration.rs:17:8
   |
17 | pub fn test_pmap_extract_only() {
   |        ^^^^^^^^^^^^^^^^^^^^^^

warning: function `test_pmap_satp_switch` is never used
  --> kernel/src/mm/pmap/test_integration.rs:56:8
   |
56 | pub fn test_pmap_satp_switch() {
   |        ^^^^^^^^^^^^^^^^^^^^^

warning: variant `CopyIn` is never constructed
  --> kernel/src/mm/uio.rs:13:5
   |
11 | pub enum UioDir {
   |          ------ variant in this enum
12 |     /// Copy from user buffer to kernel buffer (read from user).
13 |     CopyIn,
   |     ^^^^^^
   |
   = note: `UioDir` has derived impls for the traits `Debug` and `Clone`, but these are intentionally ignored during dead code analysis

warning: function `fault_in_page` is never used
   --> kernel/src/mm/vm/fault.rs:359:14
    |
359 | pub async fn fault_in_page(vm_map: &VmMap, fault_va: VirtAddr) -> FaultResult {
    |              ^^^^^^^^^^^^^

warning: variant `NotFound` is never constructed
  --> kernel/src/mm/vm/vm_map.rs:83:5
   |
79 | pub enum VmError {
   |          ------- variant in this enum
...
83 |     NotFound,
   |     ^^^^^^^^
   |
   = note: `VmError` has derived impls for the traits `Debug` and `Clone`, but these are intentionally ignored during dead code analysis

warning: field `id` is never read
  --> kernel/src/mm/vm/vm_map.rs:96:9
   |
94 | pub struct VmArea {
   |            ------ field in this struct
95 |     /// Monotonic unique ID (for TOCTOU defense).
96 |     pub id: u64,
   |         ^^

warning: field `pmap_root` is never read
   --> kernel/src/mm/vm/vm_map.rs:179:9
    |
175 | pub struct VmMap {
    |            ----- field in this struct
...
179 |     pub pmap_root: usize,
    |         ^^^^^^^^^

warning: variant `Cached` is never constructed
  --> kernel/src/mm/vm/vm_object.rs:26:5
   |
22 | pub enum PageOwnership {
   |          ------------- variant in this enum
...
26 |     Cached,
   |     ^^^^^^
   |
   = note: `PageOwnership` has derived impls for the traits `Debug` and `Clone`, but these are intentionally ignored during dead code analysis

warning: associated function `new_cached` is never used
  --> kernel/src/mm/vm/vm_object.rs:50:12
   |
42 | impl OwnedPage {
   | -------------- associated function in this implementation
...
50 |     pub fn new_cached(phys: PhysAddr) -> Self {
   |            ^^^^^^^^^^

warning: methods `remove_page`, `shadow_depth`, and `resident_count` are never used
   --> kernel/src/mm/vm/vm_object.rs:139:12
    |
81  | impl VmObject {
    | ------------- methods in this implementation
...
139 |     pub fn remove_page(&mut self, offset: u64) -> Option<OwnedPage> {
    |            ^^^^^^^^^^^
...
148 |     pub fn shadow_depth(&self) -> usize {
    |            ^^^^^^^^^^^^
...
165 |     pub fn resident_count(&self) -> usize {
    |            ^^^^^^^^^^^^^^

warning: function `test_anonymous_page_fault` is never used
  --> kernel/src/mm/vm/test_integration.rs:17:8
   |
17 | pub fn test_anonymous_page_fault() {
   |        ^^^^^^^^^^^^^^^^^^^^^^^^^

warning: function `test_cow_fault` is never used
  --> kernel/src/mm/vm/test_integration.rs:54:8
   |
54 | pub fn test_cow_fault() {
   |        ^^^^^^^^^^^^^^

warning: function `test_iterative_drop_500` is never used
   --> kernel/src/mm/vm/test_integration.rs:114:8
    |
114 | pub fn test_iterative_drop_500() {
    |        ^^^^^^^^^^^^^^^^^^^^^^^

warning: function `test_frame_alloc_sync_works` is never used
   --> kernel/src/mm/vm/test_integration.rs:125:8
    |
125 | pub fn test_frame_alloc_sync_works() {
    |        ^^^^^^^^^^^^^^^^^^^^^^^^^^^

warning: function `test_fork_bomb_stress` is never used
   --> kernel/src/mm/vm/test_integration.rs:158:8
    |
158 | pub fn test_fork_bomb_stress() {
    |        ^^^^^^^^^^^^^^^^^^^^^

warning: enum `SyscallResult` is never used
 --> kernel/src/proc/syscall_result.rs:8:10
  |
8 | pub enum SyscallResult {
  |          ^^^^^^^^^^^^^
  |
  = note: `SyscallResult` has a derived impl for the trait `Debug`, but this is intentionally ignored during dead code analysis

warning: function `sys_exit` is never used
  --> kernel/src/proc/exit_wait.rs:33:8
   |
33 | pub fn sys_exit(task: &Arc<Task>, status: WaitStatus) -> SyscallResult {
   |        ^^^^^^^^

warning: constant `AT_PHDR` is never used
   --> kernel/src/proc/exec.rs:302:7
    |
302 | const AT_PHDR: usize = 3;
    |       ^^^^^^^

warning: constant `AT_PHENT` is never used
   --> kernel/src/proc/exec.rs:303:7
    |
303 | const AT_PHENT: usize = 4;
    |       ^^^^^^^^

warning: constant `AT_PHNUM` is never used
   --> kernel/src/proc/exec.rs:304:7
    |
304 | const AT_PHNUM: usize = 5;
    |       ^^^^^^^^

warning: constant `SA_RESTORER` is never used
   --> kernel/src/proc/signal.rs:110:11
    |
110 | pub const SA_RESTORER: u64 = 0x0400_0000;
    |           ^^^^^^^^^^^

warning: method `has_unmasked_pending` is never used
   --> kernel/src/proc/signal.rs:171:12
    |
154 | impl SignalState {
    | ---------------- method in this implementation
...
171 |     pub fn has_unmasked_pending(&self) -> bool {
    |            ^^^^^^^^^^^^^^^^^^^^

warning: creating a mutable reference to mutable static
  --> kernel/src/alloc_early.rs:38:26
   |
38 |         HEAP.lock().init(HEAP_SPACE.as_mut_ptr(), HEAP_SIZE);
   |                          ^^^^^^^^^^^^^^^^^^^^^^^ mutable reference to mutable static
   |
   = note: for more information, see <https://doc.rust-lang.org/nightly/edition-guide/rust-2024/static-mut-references.html>
   = note: mutable references to mutable statics are dangerous; it's undefined behavior if any other pointer to the static is used or if any other reference is created for the static while the mutable reference lives
   = note: `#[warn(static_mut_refs)]` on by default

warning: `kernel` (bin "kernel") generated 109 warnings
    Finished `dev` profile [unoptimized + debuginfo] target(s) in 3.81s
